\BOOKMARK [1][-]{section*.1}{\376\377\000E\000D\000U\000C\000A\000T\000I\000O\000N}{}% 1
\BOOKMARK [1][-]{section*.2}{\376\377\000R\000E\000S\000E\000A\000R\000C\000H\000\040\000A\000R\000E\000A\000S}{}% 2
\BOOKMARK [1][-]{section*.3}{\376\377\000R\000E\000S\000E\000A\000R\000C\000H\000\040\000A\000P\000P\000O\000I\000N\000T\000M\000E\000N\000T\000S}{}% 3
\BOOKMARK [1][-]{section*.4}{\376\377\000P\000R\000O\000F\000E\000S\000S\000I\000O\000N\000A\000L\000\040\000S\000E\000R\000V\000I\000C\000E}{}% 4
\BOOKMARK [1][-]{section*.5}{\376\377\000E\000X\000T\000E\000R\000N\000A\000L\000\040\000F\000U\000N\000D\000I\000N\000G\000\040\000\050\000O\000n\000g\000o\000i\000n\000g\000\051}{}% 5
\BOOKMARK [1][-]{section*.6}{\376\377\000P\000E\000E\000R\000-\000R\000E\000V\000I\000E\000W\000E\000D\000\040\000P\000U\000B\000L\000I\000S\000H\000E\000D\000\040\000W\000O\000R\000K\000S}{}% 6
\BOOKMARK [1][-]{section*.7}{\376\377\000P\000O\000L\000I\000C\000Y\000\040\000R\000E\000P\000O\000R\000T\000S}{}% 7
\BOOKMARK [1][-]{section*.8}{\376\377\000P\000U\000B\000L\000I\000S\000H\000E\000D\000\040\000P\000R\000E\000-\000P\000R\000I\000N\000T\000S}{}% 8
\BOOKMARK [1][-]{section*.9}{\376\377\000P\000E\000E\000R\000-\000R\000E\000V\000I\000E\000W\000E\000D\000\040\000C\000O\000N\000F\000E\000R\000E\000N\000C\000E\000\040\000P\000R\000O\000C\000E\000E\000D\000I\000N\000G\000S}{}% 9
\BOOKMARK [1][-]{section*.10}{\376\377\000O\000T\000H\000E\000R\000\040\000P\000U\000B\000L\000I\000S\000H\000E\000D\000\040\000W\000O\000R\000K\000S}{}% 10
\BOOKMARK [2][-]{section*.11}{\376\377\000R\000\040\000P\000a\000c\000k\000a\000g\000e\000s}{section*.10}% 11
\BOOKMARK [1][-]{section*.12}{\376\377\000C\000I\000T\000A\000T\000I\000O\000N\000\040\000C\000O\000U\000N\000T\000\040\000H\000I\000S\000T\000O\000R\000Y}{}% 12
\BOOKMARK [1][-]{section*.13}{\376\377\000S\000E\000L\000E\000C\000T\000E\000D\000\040\000P\000R\000E\000S\000E\000N\000T\000A\000T\000I\000O\000N\000S}{}% 13
\BOOKMARK [2][-]{section*.14}{\376\377\000P\000r\000o\000f\000e\000s\000s\000i\000o\000n\000a\000l\000\040\000D\000e\000v\000e\000l\000o\000p\000m\000e\000n\000t\000\040\000A\000c\000t\000i\000v\000i\000t\000i\000e\000s\000\040\000A\000t\000t\000e\000n\000d\000e\000d}{section*.13}% 14
\BOOKMARK [1][-]{section*.15}{\376\377\000A\000W\000A\000R\000D\000S}{}% 15
\BOOKMARK [1][-]{section*.16}{\376\377\000T\000E\000A\000C\000H\000I\000N\000G\000\040\000I\000N\000T\000E\000R\000E\000S\000T\000S}{}% 16
\BOOKMARK [2][-]{section*.17}{\376\377\000P\000r\000i\000m\000a\000r\000y\000\040\000I\000n\000t\000e\000r\000e\000s\000t\000:\000\040\000Q\000u\000a\000n\000t\000i\000t\000a\000t\000i\000v\000e\000\040\000M\000e\000t\000h\000o\000d\000s}{section*.16}% 17
\BOOKMARK [1][-]{section*.18}{\376\377\000T\000E\000A\000C\000H\000I\000N\000G\000\040\000E\000X\000P\000E\000R\000I\000E\000N\000C\000E}{}% 18
\BOOKMARK [2][-]{section*.19}{\376\377\000\040\000\040\000M\000O\000S\000T\000\040\000R\000E\000C\000E\000N\000T\000\040\000T\000E\000A\000C\000H\000I\000N\000G\000\040\000E\000V\000A\000L\000U\000A\000T\000I\000O\000N\000S\000\040\000\050\000F\000a\000l\000l\000\040\0002\0000\0002\0000\000\051}{section*.18}% 19
\BOOKMARK [1][-]{section*.20}{\376\377\000S\000O\000F\000T\000W\000A\000R\000E\000\040\000A\000N\000D\000\040\000P\000R\000O\000G\000R\000A\000M\000M\000I\000N\000G\000\040\000E\000X\000P\000E\000R\000I\000E\000N\000C\000E}{}% 20
